<?xml version="1.0" encoding="UTF-8"?>
<!-- Generated by org.testng.reporters.JUnitXMLReporter -->
<testsuite ignored="0" hostname="DESKTOP-HLF1SQE" failures="0" tests="4" name="Default test" time="0.033" errors="0" timestamp="2023-01-13T10:30:32 IST">
  <testcase classname="TestNG.BasicTestCase" name="First" time="0.006"/>
  <testcase classname="TestNG.BasicTestCase" name="Fourth" time="0.001"/>
  <testcase classname="TestNG.BasicTestCase" name="Second" time="0.001"/>
  <testcase classname="TestNG.BasicTestCase" name="Third" time="0.001"/>
</testsuite> <!-- Default test -->
