<?xml version="1.0" encoding="UTF-8"?>
<testng-results ignored="0" total="2" passed="2" failed="0" skipped="0">
  <reporter-output>
  </reporter-output>
  <suite started-at="2023-01-25T17:28:21 IST" name="ParrellClassTest" finished-at="2023-01-25T17:28:23 IST" duration-ms="2084">
    <groups>
    </groups>
    <test started-at="2023-01-25T17:28:21 IST" name="TestCaseParrel" finished-at="2023-01-25T17:28:23 IST" duration-ms="2084">
      <class name="TestNG.ParallelRun">
        <test-method signature="OpenBing()[pri:0, instance:TestNG.ParallelRun@3d74bf60]" started-at="2023-01-25T17:28:21 IST" name="OpenBing" finished-at="2023-01-25T17:28:23 IST" duration-ms="1581" status="PASS">
          <reporter-output>
          </reporter-output>
        </test-method> <!-- OpenBing -->
        <test-method signature="OpenGoogle()[pri:0, instance:TestNG.ParallelRun@3d74bf60]" started-at="2023-01-25T17:28:21 IST" name="OpenGoogle" finished-at="2023-01-25T17:28:23 IST" duration-ms="2063" status="PASS">
          <reporter-output>
          </reporter-output>
        </test-method> <!-- OpenGoogle -->
      </class> <!-- TestNG.ParallelRun -->
    </test> <!-- TestCaseParrel -->
  </suite> <!-- ParrellClassTest -->
</testng-results>
