<?xml version="1.0" encoding="UTF-8"?>
<!-- Generated by org.testng.reporters.JUnitXMLReporter -->
<testsuite ignored="1" hostname="DESKTOP-HLF1SQE" failures="0" tests="23" name="Test Cases" time="5.805" errors="0" timestamp="2023-01-25T17:26:07 IST">
  <testcase classname="TestNG.BasicTestCase" name="First" time="0.0"/>
  <testcase classname="TestNG.BasicTestCase" name="Fourth" time="0.0"/>
  <testcase classname="TestNG.BasicTestCase" name="Second" time="0.0"/>
  <testcase classname="TestNG.BasicTestCase" name="Third" time="0.0"/>
  <testcase classname="TestNG.DependenciesManage" name="HighSchool" time="0.0"/>
  <testcase classname="TestNG.DependenciesManage" name="HigherSecSchool" time="0.0"/>
  <testcase classname="TestNG.DependenciesManage" name="CollegeUG" time="0.0"/>
  <testcase classname="TestNG.DependenciesManage" name="CollegePG" time="0.0"/>
  <testcase classname="TestNG.LoadTimeCalculates" name="Activation" time="1.293"/>
  <testcase classname="TestNG.LoadTimeCalculates" name="Buyer" time="1.147"/>
  <testcase classname="TestNG.LoadTimeCalculates" name="StaffDesk" time="1.686"/>
  <testcase classname="TestNG.PriorityTestCase" name="startCar" time="0.0"/>
  <testcase classname="TestNG.PriorityTestCase" name="putFirstGear" time="0.0"/>
  <testcase classname="TestNG.PriorityTestCase" name="putSecondGear" time="0.0"/>
  <testcase classname="TestNG.PriorityTestCase" name="putThirdGear" time="0.0"/>
  <testcase classname="TestNG.PriorityTestCase" name="putFourthGear" time="0.0"/>
  <testcase classname="TestNG.SkipPriorityTestCase" name="startCar" time="0.0"/>
  <testcase classname="TestNG.SkipPriorityTestCase" name="putSecondGear" time="0.0"/>
  <testcase classname="TestNG.SkipPriorityTestCase" name="putThirdGear" time="0.0"/>
  <testcase classname="TestNG.SkipPriorityTestCase" name="putFourthGear" time="0.0"/>
  <testcase classname="TestNG.SuitesExample" name="StaffDesk" time="0.828"/>
  <testcase classname="TestNG.SuitesExample" name="Buyer" time="0.377"/>
  <testcase classname="TestNG.SuitesExample" name="Activation" time="0.414"/>
  <testcase classname="TestNG.SkipPriorityTestCase" name="putFirstGear" time="0.0">
    <ignored/>
  </testcase> <!-- putFirstGear -->
</testsuite> <!-- Test Cases -->
