<?xml version="1.0" encoding="UTF-8"?>
<!-- Generated by org.testng.reporters.JUnitXMLReporter -->
<testsuite ignored="4" hostname="DESKTOP-HLF1SQE" failures="0" tests="4" name="Test Cases1" time="0.031" errors="0" timestamp="2023-01-12T18:02:11 IST">
  <testcase classname="TestNG.GroupExample" name="Apples1" time="0.007"/>
  <testcase classname="TestNG.GroupExample" name="Apples2" time="0.001"/>
  <testcase classname="TestNG.GroupExample" name="Lenovo1" time="0.0"/>
  <testcase classname="TestNG.GroupExample" name="Lenovo2" time="0.0"/>
  <testcase classname="TestNG.GroupExample" name="Vivo1" time="0.0">
    <ignored/>
  </testcase> <!-- Vivo1 -->
  <testcase classname="TestNG.GroupExample" name="Vivo2" time="0.0">
    <ignored/>
  </testcase> <!-- Vivo2 -->
  <testcase classname="TestNG.GroupExample" name="Moto2" time="0.0">
    <ignored/>
  </testcase> <!-- Moto2 -->
  <testcase classname="TestNG.GroupExample" name="Moto1" time="0.0">
    <ignored/>
  </testcase> <!-- Moto1 -->
</testsuite> <!-- Test Cases1 -->
